-------------------------------------------------------------------------------
Test set: com.uptc.service.PostServiceTest
-------------------------------------------------------------------------------
Tests run: 17, Failures: 1, Errors: 0, Skipped: 0, Time elapsed: 0.514 s <<< FAILURE! - in com.uptc.service.PostServiceTest
shouldReturnListOfPosts_whenTagIsGiven  Time elapsed: 0.001 s  <<< FAILURE!
org.opentest4j.AssertionFailedError: 

expected: 1
 but was: 0
	at com.uptc.service.PostServiceTest.shouldReturnListOfPosts_whenTagIsGiven(PostServiceTest.java:142)

